Connecting to database specified by database.yml
Connecting to database specified by database.yml
Connecting to database specified by database.yml
Connecting to database specified by database.yml
Connecting to database specified by database.yml
Connecting to database specified by database.yml
Connecting to database specified by database.yml
Connecting to database specified by database.yml
Connecting to database specified by database.yml
  [1m[36m (5.7ms)[0m  [1mCREATE TABLE "schema_migrations" ("version" character varying(255) NOT NULL) [0m
  [1m[35m (1.6ms)[0m  CREATE UNIQUE INDEX "unique_schema_migrations" ON "schema_migrations" ("version")
  [1m[36m (0.3ms)[0m  [1mSELECT "schema_migrations"."version" FROM "schema_migrations" [0m
Migrating to CreateUsers (20130529212751)
  [1m[35m (0.3ms)[0m  BEGIN
  [1m[36m (3.9ms)[0m  [1mCREATE TABLE "users" ("id" serial primary key, "username" character varying(255), "password" character varying(255), "email" character varying(255), "first_name" character varying(255), "last_name" character varying(255), "is_admin" boolean, "created_at" timestamp NOT NULL, "updated_at" timestamp NOT NULL) [0m
  [1m[35m (0.3ms)[0m  INSERT INTO "schema_migrations" ("version") VALUES ('20130529212751')
  [1m[36m (0.5ms)[0m  [1mCOMMIT[0m
Migrating to CreateComments (20130529213156)
  [1m[35m (0.1ms)[0m  BEGIN
  [1m[36m (3.2ms)[0m  [1mCREATE TABLE "comments" ("id" serial primary key, "first_name" character varying(255), "last_name" character varying(255), "email" character varying(255), "body" character varying(255), "user_id" integer, "project_id" integer, "created_at" timestamp NOT NULL, "updated_at" timestamp NOT NULL) [0m
  [1m[35m (0.2ms)[0m  INSERT INTO "schema_migrations" ("version") VALUES ('20130529213156')
  [1m[36m (0.4ms)[0m  [1mCOMMIT[0m
Migrating to CreateProjects (20130529213430)
  [1m[35m (0.1ms)[0m  BEGIN
  [1m[36m (2.9ms)[0m  [1mCREATE TABLE "projects" ("id" serial primary key, "name" character varying(255), "url" character varying(255), "code_base_url" character varying(255), "description" text, "contact_email" text, "created_at" timestamp NOT NULL, "updated_at" timestamp NOT NULL) [0m
  [1m[35m (0.1ms)[0m  INSERT INTO "schema_migrations" ("version") VALUES ('20130529213430')
  [1m[36m (0.5ms)[0m  [1mCOMMIT[0m
Migrating to CreateProps (20130529213457)
  [1m[35m (0.1ms)[0m  BEGIN
  [1m[36m (2.6ms)[0m  [1mCREATE TABLE "props" ("id" serial primary key, "user_id" integer, "project_id" integer, "created_at" timestamp NOT NULL, "updated_at" timestamp NOT NULL) [0m
  [1m[35m (0.1ms)[0m  INSERT INTO "schema_migrations" ("version") VALUES ('20130529213457')
  [1m[36m (0.3ms)[0m  [1mCOMMIT[0m
Migrating to CreatePortfolios (20130529213551)
  [1m[35m (0.1ms)[0m  BEGIN
  [1m[36m (1.9ms)[0m  [1mCREATE TABLE "portfolios" ("id" serial primary key, "user_id" integer, "project_id" integer, "created_at" timestamp NOT NULL, "updated_at" timestamp NOT NULL) [0m
  [1m[35m (0.1ms)[0m  INSERT INTO "schema_migrations" ("version") VALUES ('20130529213551')
  [1m[36m (0.5ms)[0m  [1mCOMMIT[0m
  [1m[35m (0.2ms)[0m  SELECT "schema_migrations"."version" FROM "schema_migrations" 
Connecting to database specified by database.yml
  [1m[36m (0.3ms)[0m  [1mSELECT "schema_migrations"."version" FROM "schema_migrations" [0m
  [1m[35m (0.1ms)[0m  SELECT "schema_migrations"."version" FROM "schema_migrations" 
Migrating to CreatePortfolios (20130529213551)
  [1m[36m (0.1ms)[0m  [1mBEGIN[0m
  [1m[35m (3.4ms)[0m  DROP TABLE "portfolios"
  [1m[36m (0.7ms)[0m  [1mDELETE FROM "schema_migrations" WHERE "schema_migrations"."version" = '20130529213551'[0m
  [1m[35m (0.6ms)[0m  COMMIT
  [1m[36m (0.2ms)[0m  [1mSELECT "schema_migrations"."version" FROM "schema_migrations" [0m
Connecting to database specified by database.yml
  [1m[36m (0.3ms)[0m  [1mSELECT "schema_migrations"."version" FROM "schema_migrations" [0m
Migrating to CreateUsers (20130529212751)
Migrating to CreateComments (20130529213156)
Migrating to CreateProjects (20130529213430)
Migrating to CreateProps (20130529213457)
Migrating to CreatePortfolios (20130529213551)
  [1m[35m (0.1ms)[0m  BEGIN
  [1m[36m (5.4ms)[0m  [1mCREATE TABLE "portfolios" ("id" serial primary key, "user_id" integer, "project_id" integer, "created_at" timestamp NOT NULL, "updated_at" timestamp NOT NULL) [0m
  [1m[35m (0.3ms)[0m  INSERT INTO "schema_migrations" ("version") VALUES ('20130529213551')
  [1m[36m (0.4ms)[0m  [1mCOMMIT[0m
  [1m[35m (0.2ms)[0m  SELECT "schema_migrations"."version" FROM "schema_migrations" 
Connecting to database specified by database.yml
  [1m[36m (0.3ms)[0m  [1mSELECT "schema_migrations"."version" FROM "schema_migrations" [0m
Migrating to CreateUsers (20130529212751)
Migrating to CreateComments (20130529213156)
Migrating to CreateProjects (20130529213430)
Migrating to CreateProps (20130529213457)
Migrating to CreatePortfolios (20130529213551)
  [1m[35m (0.2ms)[0m  SELECT "schema_migrations"."version" FROM "schema_migrations" 
Connecting to database specified by database.yml
  [1m[36m (0.3ms)[0m  [1mSELECT "schema_migrations"."version" FROM "schema_migrations" [0m
Migrating to CreateUsers (20130529212751)
Migrating to CreateComments (20130529213156)
Migrating to CreateProjects (20130529213430)
Migrating to CreateProps (20130529213457)
Migrating to CreatePortfolios (20130529213551)
  [1m[35m (0.2ms)[0m  SELECT "schema_migrations"."version" FROM "schema_migrations" 
Connecting to database specified by database.yml
  [1m[36m (0.3ms)[0m  [1mSELECT "schema_migrations"."version" FROM "schema_migrations" [0m
  [1m[35m (0.2ms)[0m  SELECT "schema_migrations"."version" FROM "schema_migrations" 
Migrating to CreatePortfolios (20130529213551)
  [1m[36m (0.1ms)[0m  [1mBEGIN[0m
  [1m[35m (1.4ms)[0m  DROP TABLE "portfolios"
  [1m[36m (0.6ms)[0m  [1mDELETE FROM "schema_migrations" WHERE "schema_migrations"."version" = '20130529213551'[0m
  [1m[35m (2.0ms)[0m  COMMIT
  [1m[36m (0.2ms)[0m  [1mSELECT "schema_migrations"."version" FROM "schema_migrations" [0m
Connecting to database specified by database.yml
  [1m[36m (0.3ms)[0m  [1mSELECT "schema_migrations"."version" FROM "schema_migrations" [0m
  [1m[35m (0.2ms)[0m  SELECT "schema_migrations"."version" FROM "schema_migrations" 
Migrating to CreateProps (20130529213457)
  [1m[36m (0.1ms)[0m  [1mBEGIN[0m
  [1m[35m (1.3ms)[0m  DROP TABLE "props"
  [1m[36m (0.6ms)[0m  [1mDELETE FROM "schema_migrations" WHERE "schema_migrations"."version" = '20130529213457'[0m
  [1m[35m (2.4ms)[0m  COMMIT
  [1m[36m (0.2ms)[0m  [1mSELECT "schema_migrations"."version" FROM "schema_migrations" [0m
Connecting to database specified by database.yml
  [1m[36m (0.3ms)[0m  [1mSELECT "schema_migrations"."version" FROM "schema_migrations" [0m
  [1m[35m (0.2ms)[0m  SELECT "schema_migrations"."version" FROM "schema_migrations" 
Migrating to CreateProjects (20130529213430)
  [1m[36m (0.1ms)[0m  [1mBEGIN[0m
  [1m[35m (1.4ms)[0m  DROP TABLE "projects"
  [1m[36m (0.6ms)[0m  [1mDELETE FROM "schema_migrations" WHERE "schema_migrations"."version" = '20130529213430'[0m
  [1m[35m (2.3ms)[0m  COMMIT
  [1m[36m (0.2ms)[0m  [1mSELECT "schema_migrations"."version" FROM "schema_migrations" [0m
Connecting to database specified by database.yml
  [1m[36m (0.3ms)[0m  [1mSELECT "schema_migrations"."version" FROM "schema_migrations" [0m
  [1m[35m (0.2ms)[0m  SELECT "schema_migrations"."version" FROM "schema_migrations" 
Migrating to CreateComments (20130529213156)
  [1m[36m (0.1ms)[0m  [1mBEGIN[0m
  [1m[35m (1.6ms)[0m  DROP TABLE "comments"
  [1m[36m (0.6ms)[0m  [1mDELETE FROM "schema_migrations" WHERE "schema_migrations"."version" = '20130529213156'[0m
  [1m[35m (2.3ms)[0m  COMMIT
  [1m[36m (0.2ms)[0m  [1mSELECT "schema_migrations"."version" FROM "schema_migrations" [0m
Connecting to database specified by database.yml
  [1m[36m (0.3ms)[0m  [1mSELECT "schema_migrations"."version" FROM "schema_migrations" [0m
  [1m[35m (0.2ms)[0m  SELECT "schema_migrations"."version" FROM "schema_migrations" 
Migrating to CreateUsers (20130529212751)
  [1m[36m (0.1ms)[0m  [1mBEGIN[0m
  [1m[35m (1.4ms)[0m  DROP TABLE "users"
  [1m[36m (0.6ms)[0m  [1mDELETE FROM "schema_migrations" WHERE "schema_migrations"."version" = '20130529212751'[0m
  [1m[35m (2.4ms)[0m  COMMIT
  [1m[36m (0.2ms)[0m  [1mSELECT "schema_migrations"."version" FROM "schema_migrations" [0m
Connecting to database specified by database.yml
  [1m[36m (0.4ms)[0m  [1mSELECT "schema_migrations"."version" FROM "schema_migrations" [0m
Migrating to CreateUsers (20130529212751)
  [1m[35m (0.1ms)[0m  BEGIN
  [1m[36m (5.7ms)[0m  [1mCREATE TABLE "users" ("id" serial primary key, "username" character varying(255), "password" character varying(255), "email" character varying(255), "first_name" character varying(255), "last_name" character varying(255), "is_admin" boolean, "created_at" timestamp NOT NULL, "updated_at" timestamp NOT NULL) [0m
  [1m[35m (0.3ms)[0m  INSERT INTO "schema_migrations" ("version") VALUES ('20130529212751')
  [1m[36m (0.5ms)[0m  [1mCOMMIT[0m
Migrating to CreateComments (20130529213156)
  [1m[35m (0.1ms)[0m  BEGIN
  [1m[36m (3.4ms)[0m  [1mCREATE TABLE "comments" ("id" serial primary key, "first_name" character varying(255), "last_name" character varying(255), "email" character varying(255), "body" character varying(255), "user_id" integer, "project_id" integer, "created_at" timestamp NOT NULL, "updated_at" timestamp NOT NULL) [0m
  [1m[35m (0.1ms)[0m  INSERT INTO "schema_migrations" ("version") VALUES ('20130529213156')
  [1m[36m (0.5ms)[0m  [1mCOMMIT[0m
Migrating to CreateProjects (20130529213430)
  [1m[35m (0.1ms)[0m  BEGIN
  [1m[36m (3.0ms)[0m  [1mCREATE TABLE "projects" ("id" serial primary key, "name" character varying(255), "url" character varying(255), "code_base_url" character varying(255), "description" text, "contact_email" text, "created_at" timestamp NOT NULL, "updated_at" timestamp NOT NULL) [0m
  [1m[35m (0.2ms)[0m  INSERT INTO "schema_migrations" ("version") VALUES ('20130529213430')
  [1m[36m (0.3ms)[0m  [1mCOMMIT[0m
Migrating to CreateProps (20130529213457)
  [1m[35m (0.1ms)[0m  BEGIN
  [1m[36m (2.2ms)[0m  [1mCREATE TABLE "props" ("id" serial primary key, "user_id" integer, "project_id" integer, "created_at" timestamp NOT NULL, "updated_at" timestamp NOT NULL) [0m
  [1m[35m (0.2ms)[0m  INSERT INTO "schema_migrations" ("version") VALUES ('20130529213457')
  [1m[36m (0.5ms)[0m  [1mCOMMIT[0m
Migrating to CreatePortfolios (20130529213551)
  [1m[35m (0.1ms)[0m  BEGIN
  [1m[36m (2.1ms)[0m  [1mCREATE TABLE "portfolios" ("id" serial primary key, "user_id" integer, "project_id" integer, "created_at" timestamp NOT NULL, "updated_at" timestamp NOT NULL) [0m
  [1m[35m (0.2ms)[0m  INSERT INTO "schema_migrations" ("version") VALUES ('20130529213551')
  [1m[36m (0.3ms)[0m  [1mCOMMIT[0m
  [1m[35m (0.2ms)[0m  SELECT "schema_migrations"."version" FROM "schema_migrations" 
Connecting to database specified by database.yml
  [1m[36m (0.3ms)[0m  [1mSELECT "schema_migrations"."version" FROM "schema_migrations" [0m
  [1m[35m (0.2ms)[0m  SELECT "schema_migrations"."version" FROM "schema_migrations" 
Migrating to CreatePortfolios (20130529213551)
  [1m[36m (0.1ms)[0m  [1mBEGIN[0m
  [1m[35m (1.6ms)[0m  DROP TABLE "portfolios"
  [1m[36m (0.6ms)[0m  [1mDELETE FROM "schema_migrations" WHERE "schema_migrations"."version" = '20130529213551'[0m
  [1m[35m (2.5ms)[0m  COMMIT
  [1m[36m (0.2ms)[0m  [1mSELECT "schema_migrations"."version" FROM "schema_migrations" [0m
Connecting to database specified by database.yml
  [1m[36m (0.3ms)[0m  [1mSELECT "schema_migrations"."version" FROM "schema_migrations" [0m
  [1m[35m (0.2ms)[0m  SELECT "schema_migrations"."version" FROM "schema_migrations" 
Migrating to CreateProps (20130529213457)
  [1m[36m (0.1ms)[0m  [1mBEGIN[0m
  [1m[35m (1.7ms)[0m  DROP TABLE "props"
  [1m[36m (1.2ms)[0m  [1mDELETE FROM "schema_migrations" WHERE "schema_migrations"."version" = '20130529213457'[0m
  [1m[35m (0.6ms)[0m  COMMIT
  [1m[36m (0.2ms)[0m  [1mSELECT "schema_migrations"."version" FROM "schema_migrations" [0m
Connecting to database specified by database.yml
  [1m[36m (0.3ms)[0m  [1mSELECT "schema_migrations"."version" FROM "schema_migrations" [0m
  [1m[35m (0.2ms)[0m  SELECT "schema_migrations"."version" FROM "schema_migrations" 
Migrating to CreateProjects (20130529213430)
  [1m[36m (0.1ms)[0m  [1mBEGIN[0m
  [1m[35m (1.3ms)[0m  DROP TABLE "projects"
  [1m[36m (0.6ms)[0m  [1mDELETE FROM "schema_migrations" WHERE "schema_migrations"."version" = '20130529213430'[0m
  [1m[35m (1.9ms)[0m  COMMIT
  [1m[36m (0.2ms)[0m  [1mSELECT "schema_migrations"."version" FROM "schema_migrations" [0m
Connecting to database specified by database.yml
  [1m[36m (0.3ms)[0m  [1mSELECT "schema_migrations"."version" FROM "schema_migrations" [0m
  [1m[35m (0.1ms)[0m  SELECT "schema_migrations"."version" FROM "schema_migrations" 
Migrating to CreateComments (20130529213156)
  [1m[36m (0.1ms)[0m  [1mBEGIN[0m
  [1m[35m (1.3ms)[0m  DROP TABLE "comments"
  [1m[36m (0.6ms)[0m  [1mDELETE FROM "schema_migrations" WHERE "schema_migrations"."version" = '20130529213156'[0m
  [1m[35m (2.3ms)[0m  COMMIT
  [1m[36m (0.2ms)[0m  [1mSELECT "schema_migrations"."version" FROM "schema_migrations" [0m
Connecting to database specified by database.yml
  [1m[36m (0.3ms)[0m  [1mSELECT "schema_migrations"."version" FROM "schema_migrations" [0m
  [1m[35m (0.2ms)[0m  SELECT "schema_migrations"."version" FROM "schema_migrations" 
Migrating to CreateUsers (20130529212751)
  [1m[36m (0.1ms)[0m  [1mBEGIN[0m
  [1m[35m (1.6ms)[0m  DROP TABLE "users"
  [1m[36m (0.6ms)[0m  [1mDELETE FROM "schema_migrations" WHERE "schema_migrations"."version" = '20130529212751'[0m
  [1m[35m (2.3ms)[0m  COMMIT
  [1m[36m (0.2ms)[0m  [1mSELECT "schema_migrations"."version" FROM "schema_migrations" [0m
Connecting to database specified by database.yml
  [1m[36m (0.3ms)[0m  [1mSELECT "schema_migrations"."version" FROM "schema_migrations" [0m
  [1m[35m (0.1ms)[0m  SELECT "schema_migrations"."version" FROM "schema_migrations" 
Connecting to database specified by database.yml
Connecting to database specified by database.yml
Connecting to database specified by database.yml
Connecting to database specified by database.yml
Connecting to database specified by database.yml
Connecting to database specified by database.yml
Connecting to database specified by database.yml
Connecting to database specified by database.yml
Connecting to database specified by database.yml
  [1m[36m (4.1ms)[0m  [1mCREATE TABLE "schema_migrations" ("version" character varying(255) NOT NULL) [0m
  [1m[35m (1.5ms)[0m  CREATE UNIQUE INDEX "unique_schema_migrations" ON "schema_migrations" ("version")
  [1m[36m (0.4ms)[0m  [1mSELECT "schema_migrations"."version" FROM "schema_migrations" [0m
Migrating to CreateUsers (20130529214914)
  [1m[35m (0.1ms)[0m  BEGIN
  [1m[36m (3.7ms)[0m  [1mCREATE TABLE "users" ("id" serial primary key, "username" character varying(255), "password" character varying(255), "email" character varying(255), "first_name" character varying(255), "last_name" character varying(255), "is_admin" boolean, "created_at" timestamp NOT NULL, "updated_at" timestamp NOT NULL) [0m
  [1m[35m (0.3ms)[0m  INSERT INTO "schema_migrations" ("version") VALUES ('20130529214914')
  [1m[36m (0.5ms)[0m  [1mCOMMIT[0m
Migrating to CreateComments (20130529215012)
  [1m[35m (0.1ms)[0m  BEGIN
  [1m[36m (3.3ms)[0m  [1mCREATE TABLE "comments" ("id" serial primary key, "first_name" character varying(255), "last_name" character varying(255), "email" character varying(255), "body" character varying(255), "user_id" integer, "project_id" integer, "created_at" timestamp NOT NULL, "updated_at" timestamp NOT NULL) [0m
  [1m[35m (0.2ms)[0m  INSERT INTO "schema_migrations" ("version") VALUES ('20130529215012')
  [1m[36m (0.7ms)[0m  [1mCOMMIT[0m
Migrating to CreateProjects (20130529215024)
  [1m[35m (0.1ms)[0m  BEGIN
  [1m[36m (3.0ms)[0m  [1mCREATE TABLE "projects" ("id" serial primary key, "name" character varying(255), "url" character varying(255), "code_base_url" character varying(255), "description" text, "contact_email" text, "created_at" timestamp NOT NULL, "updated_at" timestamp NOT NULL) [0m
  [1m[35m (0.1ms)[0m  INSERT INTO "schema_migrations" ("version") VALUES ('20130529215024')
  [1m[36m (0.4ms)[0m  [1mCOMMIT[0m
Migrating to CreateProps (20130529215037)
  [1m[35m (0.1ms)[0m  BEGIN
  [1m[36m (2.0ms)[0m  [1mCREATE TABLE "props" ("id" serial primary key, "user_id" integer, "project_id" integer, "created_at" timestamp NOT NULL, "updated_at" timestamp NOT NULL) [0m
  [1m[35m (0.2ms)[0m  INSERT INTO "schema_migrations" ("version") VALUES ('20130529215037')
  [1m[36m (0.5ms)[0m  [1mCOMMIT[0m
Migrating to CreatePortfolios (20130529215054)
  [1m[35m (0.1ms)[0m  BEGIN
  [1m[36m (2.0ms)[0m  [1mCREATE TABLE "portfolios" ("id" serial primary key, "user_id" integer, "project_id" integer, "created_at" timestamp NOT NULL, "updated_at" timestamp NOT NULL) [0m
  [1m[35m (0.1ms)[0m  INSERT INTO "schema_migrations" ("version") VALUES ('20130529215054')
  [1m[36m (0.3ms)[0m  [1mCOMMIT[0m
  [1m[35m (0.2ms)[0m  SELECT "schema_migrations"."version" FROM "schema_migrations" 
Connecting to database specified by database.yml
  [1m[36m (0.3ms)[0m  [1mSELECT "schema_migrations"."version" FROM "schema_migrations" [0m
  [1m[35m (0.1ms)[0m  SELECT "schema_migrations"."version" FROM "schema_migrations" 
Migrating to CreatePortfolios (20130529215054)
  [1m[36m (0.1ms)[0m  [1mBEGIN[0m
  [1m[35m (1.2ms)[0m  DROP TABLE "portfolios"
  [1m[36m (0.6ms)[0m  [1mDELETE FROM "schema_migrations" WHERE "schema_migrations"."version" = '20130529215054'[0m
  [1m[35m (2.1ms)[0m  COMMIT
  [1m[36m (0.2ms)[0m  [1mSELECT "schema_migrations"."version" FROM "schema_migrations" [0m
Connecting to database specified by database.yml
  [1m[36m (0.3ms)[0m  [1mSELECT "schema_migrations"."version" FROM "schema_migrations" [0m
  [1m[35m (0.1ms)[0m  SELECT "schema_migrations"."version" FROM "schema_migrations" 
Migrating to CreateProps (20130529215037)
  [1m[36m (0.1ms)[0m  [1mBEGIN[0m
  [1m[35m (1.3ms)[0m  DROP TABLE "props"
  [1m[36m (0.6ms)[0m  [1mDELETE FROM "schema_migrations" WHERE "schema_migrations"."version" = '20130529215037'[0m
  [1m[35m (2.2ms)[0m  COMMIT
  [1m[36m (0.2ms)[0m  [1mSELECT "schema_migrations"."version" FROM "schema_migrations" [0m
Connecting to database specified by database.yml
  [1m[36m (0.3ms)[0m  [1mSELECT "schema_migrations"."version" FROM "schema_migrations" [0m
  [1m[35m (0.2ms)[0m  SELECT "schema_migrations"."version" FROM "schema_migrations" 
Migrating to CreateProjects (20130529215024)
  [1m[36m (0.1ms)[0m  [1mBEGIN[0m
  [1m[35m (1.3ms)[0m  DROP TABLE "projects"
  [1m[36m (0.6ms)[0m  [1mDELETE FROM "schema_migrations" WHERE "schema_migrations"."version" = '20130529215024'[0m
  [1m[35m (2.0ms)[0m  COMMIT
  [1m[36m (0.2ms)[0m  [1mSELECT "schema_migrations"."version" FROM "schema_migrations" [0m
Connecting to database specified by database.yml
  [1m[36m (0.3ms)[0m  [1mSELECT "schema_migrations"."version" FROM "schema_migrations" [0m
  [1m[35m (0.1ms)[0m  SELECT "schema_migrations"."version" FROM "schema_migrations" 
Migrating to CreateComments (20130529215012)
  [1m[36m (0.1ms)[0m  [1mBEGIN[0m
  [1m[35m (1.4ms)[0m  DROP TABLE "comments"
  [1m[36m (0.6ms)[0m  [1mDELETE FROM "schema_migrations" WHERE "schema_migrations"."version" = '20130529215012'[0m
  [1m[35m (0.7ms)[0m  COMMIT
  [1m[36m (0.2ms)[0m  [1mSELECT "schema_migrations"."version" FROM "schema_migrations" [0m
Connecting to database specified by database.yml
  [1m[36m (0.3ms)[0m  [1mSELECT "schema_migrations"."version" FROM "schema_migrations" [0m
  [1m[35m (0.2ms)[0m  SELECT "schema_migrations"."version" FROM "schema_migrations" 
Migrating to CreateUsers (20130529214914)
  [1m[36m (0.1ms)[0m  [1mBEGIN[0m
  [1m[35m (1.3ms)[0m  DROP TABLE "users"
  [1m[36m (0.6ms)[0m  [1mDELETE FROM "schema_migrations" WHERE "schema_migrations"."version" = '20130529214914'[0m
  [1m[35m (2.3ms)[0m  COMMIT
  [1m[36m (0.2ms)[0m  [1mSELECT "schema_migrations"."version" FROM "schema_migrations" [0m
Connecting to database specified by database.yml
  [1m[36m (0.4ms)[0m  [1mSELECT "schema_migrations"."version" FROM "schema_migrations" [0m
Migrating to CreateUsers (20130529214914)
  [1m[35m (0.1ms)[0m  BEGIN
  [1m[36m (4.4ms)[0m  [1mCREATE TABLE "users" ("id" serial primary key, "username" character varying(255), "password" character varying(255), "email" character varying(255), "first_name" character varying(255), "last_name" character varying(255), "is_admin" boolean, "created_at" timestamp NOT NULL, "updated_at" timestamp NOT NULL) [0m
  [1m[35m (0.3ms)[0m  INSERT INTO "schema_migrations" ("version") VALUES ('20130529214914')
  [1m[36m (0.4ms)[0m  [1mCOMMIT[0m
Migrating to CreateComments (20130529215012)
  [1m[35m (0.1ms)[0m  BEGIN
  [1m[36m (4.0ms)[0m  [1mCREATE TABLE "comments" ("id" serial primary key, "first_name" character varying(255), "last_name" character varying(255), "email" character varying(255), "body" character varying(255), "user_id" integer, "project_id" integer, "created_at" timestamp NOT NULL, "updated_at" timestamp NOT NULL) [0m
  [1m[35m (0.1ms)[0m  INSERT INTO "schema_migrations" ("version") VALUES ('20130529215012')
  [1m[36m (0.5ms)[0m  [1mCOMMIT[0m
Migrating to CreateProjects (20130529215024)
  [1m[35m (0.1ms)[0m  BEGIN
  [1m[36m (3.1ms)[0m  [1mCREATE TABLE "projects" ("id" serial primary key, "name" character varying(255), "url" character varying(255), "code_base_url" character varying(255), "description" text, "contact_email" text, "created_at" timestamp NOT NULL, "updated_at" timestamp NOT NULL) [0m
  [1m[35m (0.1ms)[0m  INSERT INTO "schema_migrations" ("version") VALUES ('20130529215024')
  [1m[36m (0.3ms)[0m  [1mCOMMIT[0m
Migrating to CreateProps (20130529215037)
  [1m[35m (0.1ms)[0m  BEGIN
  [1m[36m (2.8ms)[0m  [1mCREATE TABLE "props" ("id" serial primary key, "user_id" integer, "project_id" integer, "created_at" timestamp NOT NULL, "updated_at" timestamp NOT NULL) [0m
  [1m[35m (0.1ms)[0m  INSERT INTO "schema_migrations" ("version") VALUES ('20130529215037')
  [1m[36m (0.3ms)[0m  [1mCOMMIT[0m
Migrating to CreatePortfolios (20130529215054)
  [1m[35m (0.1ms)[0m  BEGIN
  [1m[36m (2.0ms)[0m  [1mCREATE TABLE "portfolios" ("id" serial primary key, "user_id" integer, "project_id" integer, "created_at" timestamp NOT NULL, "updated_at" timestamp NOT NULL) [0m
  [1m[35m (0.1ms)[0m  INSERT INTO "schema_migrations" ("version") VALUES ('20130529215054')
  [1m[36m (0.5ms)[0m  [1mCOMMIT[0m
  [1m[35m (0.2ms)[0m  SELECT "schema_migrations"."version" FROM "schema_migrations" 
Connecting to database specified by database.yml
Connecting to database specified by database.yml
Connecting to database specified by database.yml


Started GET "/assets/rails.png" for 127.0.0.1 at 2013-05-29 17:53:16 -0400
Served asset /rails.png - 304 Not Modified (5ms)


Started GET "/users" for 127.0.0.1 at 2013-05-29 17:53:25 -0400
Processing by UsersController#index as HTML
  [1m[36mUser Load (0.4ms)[0m  [1mSELECT "users".* FROM "users" [0m
  Rendered users/index.html.erb within layouts/application (2.9ms)
Compiled comments.css  (8ms)  (pid 77840)
Compiled portfolios.css  (1ms)  (pid 77840)
Compiled projects.css  (1ms)  (pid 77840)
Compiled props.css  (1ms)  (pid 77840)
Compiled scaffolds.css  (12ms)  (pid 77840)
Compiled users.css  (1ms)  (pid 77840)
Compiled application.css  (95ms)  (pid 77840)
Compiled jquery.js  (1ms)  (pid 77840)
Compiled jquery_ujs.js  (0ms)  (pid 77840)
Compiled comments.js  (87ms)  (pid 77840)
Compiled portfolios.js  (108ms)  (pid 77840)
Compiled projects.js  (68ms)  (pid 77840)
Compiled props.js  (69ms)  (pid 77840)
Compiled users.js  (94ms)  (pid 77840)
Compiled application.js  (518ms)  (pid 77840)
Completed 200 OK in 821ms (Views: 770.1ms | ActiveRecord: 6.9ms)


Started GET "/assets/portfolios.css?body=1" for 127.0.0.1 at 2013-05-29 17:53:26 -0400
Served asset /portfolios.css - 200 OK (4ms)


Started GET "/assets/comments.css?body=1" for 127.0.0.1 at 2013-05-29 17:53:26 -0400
Served asset /comments.css - 200 OK (1ms)


Started GET "/assets/props.css?body=1" for 127.0.0.1 at 2013-05-29 17:53:26 -0400
Served asset /props.css - 200 OK (2ms)


Started GET "/assets/application.css?body=1" for 127.0.0.1 at 2013-05-29 17:53:26 -0400
Served asset /application.css - 304 Not Modified (8ms)


Started GET "/assets/users.css?body=1" for 127.0.0.1 at 2013-05-29 17:53:26 -0400
Served asset /users.css - 200 OK (1ms)


Started GET "/assets/projects.css?body=1" for 127.0.0.1 at 2013-05-29 17:53:26 -0400
Served asset /projects.css - 200 OK (1ms)


Started GET "/assets/scaffolds.css?body=1" for 127.0.0.1 at 2013-05-29 17:53:26 -0400
Served asset /scaffolds.css - 304 Not Modified (2ms)


Started GET "/assets/comments.js?body=1" for 127.0.0.1 at 2013-05-29 17:53:26 -0400
Served asset /comments.js - 200 OK (1ms)


Started GET "/assets/portfolios.js?body=1" for 127.0.0.1 at 2013-05-29 17:53:26 -0400
Served asset /portfolios.js - 200 OK (1ms)


Started GET "/assets/projects.js?body=1" for 127.0.0.1 at 2013-05-29 17:53:26 -0400
Served asset /projects.js - 200 OK (1ms)


Started GET "/assets/props.js?body=1" for 127.0.0.1 at 2013-05-29 17:53:26 -0400
Served asset /props.js - 200 OK (1ms)


Started GET "/assets/users.js?body=1" for 127.0.0.1 at 2013-05-29 17:53:26 -0400
Served asset /users.js - 200 OK (1ms)


Started GET "/assets/jquery.js?body=1" for 127.0.0.1 at 2013-05-29 17:53:26 -0400
Served asset /jquery.js - 200 OK (2ms)


Started GET "/assets/jquery_ujs.js?body=1" for 127.0.0.1 at 2013-05-29 17:53:26 -0400
Served asset /jquery_ujs.js - 200 OK (3ms)


Started GET "/assets/application.js?body=1" for 127.0.0.1 at 2013-05-29 17:53:26 -0400
Served asset /application.js - 304 Not Modified (41ms)
